# JRE version: OpenJDK Runtime Environment (17.0.9) (build 17.0.9+0--11185874)
# Java VM: OpenJDK 64-Bit Server VM (17.0.9+0--11185874, mixed mode, tiered, compressed oops, compressed class ptrs, g1 gc, windows-amd64)
GC Precious Log:
 CPUs: 8 total, 8 available
 Memory: 15791M
 Large Page Support: Disabled
 NUMA Support: Disabled
 Compressed Oops: Enabled (32-bit)
 Heap Region Size: 1M
 Heap Min Capacity: 8M
 Heap Initial Capacity: 248M
 Heap Max Capacity: 2G
 Pre-touch: Disabled
 Parallel Workers: 8
 Concurrent Workers: 2
 Concurrent Refinement Workers: 8
 Periodic GC: Disabled
Heap:
 garbage-first heap   total 121856K, used 66331K [0x0000000080000000, 0x0000000100000000)
  region size 1024K, 2 young (2048K), 2 survivors (2048K)
 Metaspace       used 69981K, committed 70528K, reserved 1114112K
  class space    used 9431K, committed 9728K, reserved 1048576K
GC Heap History (20 events):
Event: 7.993 GC heap after
{Heap after GC invocations=17 (full 0):
 garbage-first heap   total 92160K, used 53174K [0x0000000080000000, 0x0000000100000000)
  region size 1024K, 3 young (3072K), 3 survivors (3072K)
 Metaspace       used 57617K, committed 58176K, reserved 1114112K
  class space    used 7793K, committed 8064K, reserved 1048576K
}
Event: 8.005 GC heap before
{Heap before GC invocations=17 (full 0):
 garbage-first heap   total 92160K, used 54198K [0x0000000080000000, 0x0000000100000000)
  region size 1024K, 5 young (5120K), 3 survivors (3072K)
 Metaspace       used 57718K, committed 58304K, reserved 1114112K
  class space    used 7801K, committed 8064K, reserved 1048576K
}
Event: 8.007 GC heap after
{Heap after GC invocations=18 (full 0):
 garbage-first heap   total 110592K, used 53359K [0x0000000080000000, 0x0000000100000000)
  region size 1024K, 1 young (1024K), 1 survivors (1024K)
 Metaspace       used 57718K, committed 58304K, reserved 1114112K
  class space    used 7801K, committed 8064K, reserved 1048576K
}
Event: 8.464 GC heap before
{Heap before GC invocations=19 (full 0):
 garbage-first heap   total 110592K, used 83055K [0x0000000080000000, 0x0000000100000000)
  region size 1024K, 29 young (29696K), 1 survivors (1024K)
 Metaspace       used 60061K, committed 60608K, reserved 1114112K
  class space    used 8142K, committed 8384K, reserved 1048576K
}
Event: 8.466 GC heap after
{Heap after GC invocations=20 (full 0):
 garbage-first heap   total 110592K, used 55000K [0x0000000080000000, 0x0000000100000000)
  region size 1024K, 1 young (1024K), 1 survivors (1024K)
 Metaspace       used 60061K, committed 60608K, reserved 1114112K
  class space    used 8142K, committed 8384K, reserved 1048576K
}
Event: 8.536 GC heap before
{Heap before GC invocations=20 (full 0):
 garbage-first heap   total 110592K, used 58072K [0x0000000080000000, 0x0000000100000000)
  region size 1024K, 5 young (5120K), 1 survivors (1024K)
 Metaspace       used 60468K, committed 61056K, reserved 1114112K
  class space    used 8186K, committed 8448K, reserved 1048576K
}
Event: 8.539 GC heap after
{Heap after GC invocations=21 (full 0):
 garbage-first heap   total 110592K, used 54441K [0x0000000080000000, 0x0000000100000000)
  region size 1024K, 1 young (1024K), 1 survivors (1024K)
 Metaspace       used 60468K, committed 61056K, reserved 1114112K
  class space    used 8186K, committed 8448K, reserved 1048576K
}
Event: 8.989 GC heap before
{Heap before GC invocations=21 (full 0):
 garbage-first heap   total 110592K, used 84137K [0x0000000080000000, 0x0000000100000000)
  region size 1024K, 30 young (30720K), 1 survivors (1024K)
 Metaspace       used 63717K, committed 64256K, reserved 1114112K
  class space    used 8554K, committed 8768K, reserved 1048576K
}
Event: 8.991 GC heap after
{Heap after GC invocations=22 (full 0):
 garbage-first heap   total 110592K, used 54965K [0x0000000080000000, 0x0000000100000000)
  region size 1024K, 1 young (1024K), 1 survivors (1024K)
 Metaspace       used 63717K, committed 64256K, reserved 1114112K
  class space    used 8554K, committed 8768K, reserved 1048576K
}
Event: 9.508 GC heap before
{Heap before GC invocations=23 (full 0):
 garbage-first heap   total 110592K, used 90805K [0x0000000080000000, 0x0000000100000000)
  region size 1024K, 32 young (32768K), 1 survivors (1024K)
 Metaspace       used 66982K, committed 67648K, reserved 1114112K
  class space    used 9022K, committed 9344K, reserved 1048576K
}
Event: 9.513 GC heap after
{Heap after GC invocations=24 (full 0):
 garbage-first heap   total 110592K, used 62389K [0x0000000080000000, 0x0000000100000000)
  region size 1024K, 4 young (4096K), 4 survivors (4096K)
 Metaspace       used 66982K, committed 67648K, reserved 1114112K
  class space    used 9022K, committed 9344K, reserved 1048576K
}
Event: 9.514 GC heap before
{Heap before GC invocations=24 (full 0):
 garbage-first heap   total 110592K, used 63413K [0x0000000080000000, 0x0000000100000000)
  region size 1024K, 5 young (5120K), 4 survivors (4096K)
 Metaspace       used 66982K, committed 67648K, reserved 1114112K
  class space    used 9022K, committed 9344K, reserved 1048576K
}
Event: 9.517 GC heap after
{Heap after GC invocations=25 (full 0):
 garbage-first heap   total 110592K, used 63243K [0x0000000080000000, 0x0000000100000000)
  region size 1024K, 1 young (1024K), 1 survivors (1024K)
 Metaspace       used 66982K, committed 67648K, reserved 1114112K
  class space    used 9022K, committed 9344K, reserved 1048576K
}
Event: 9.524 GC heap before
{Heap before GC invocations=25 (full 0):
 garbage-first heap   total 110592K, used 65291K [0x0000000080000000, 0x0000000100000000)
  region size 1024K, 4 young (4096K), 1 survivors (1024K)
 Metaspace       used 66987K, committed 67648K, reserved 1114112K
  class space    used 9022K, committed 9344K, reserved 1048576K
}
Event: 9.527 GC heap after
{Heap after GC invocations=26 (full 0):
 garbage-first heap   total 110592K, used 64472K [0x0000000080000000, 0x0000000100000000)
  region size 1024K, 3 young (3072K), 3 survivors (3072K)
 Metaspace       used 66987K, committed 67648K, reserved 1114112K
  class space    used 9022K, committed 9344K, reserved 1048576K
}
Event: 9.727 GC heap before
{Heap before GC invocations=27 (full 0):
 garbage-first heap   total 121856K, used 82904K [0x0000000080000000, 0x0000000100000000)
  region size 1024K, 20 young (20480K), 3 survivors (3072K)
 Metaspace       used 68025K, committed 68608K, reserved 1114112K
  class space    used 9171K, committed 9472K, reserved 1048576K
}
Event: 9.730 GC heap after
{Heap after GC invocations=28 (full 0):
 garbage-first heap   total 121856K, used 65222K [0x0000000080000000, 0x0000000100000000)
  region size 1024K, 2 young (2048K), 2 survivors (2048K)
 Metaspace       used 68025K, committed 68608K, reserved 1114112K
  class space    used 9171K, committed 9472K, reserved 1048576K
}
Event: 9.763 GC heap before
{Heap before GC invocations=28 (full 0):
 garbage-first heap   total 121856K, used 68294K [0x0000000080000000, 0x0000000100000000)
  region size 1024K, 5 young (5120K), 2 survivors (2048K)
 Metaspace       used 68270K, committed 68864K, reserved 1114112K
  class space    used 9200K, committed 9472K, reserved 1048576K
}
Event: 9.765 GC heap after
{Heap after GC invocations=29 (full 0):
 garbage-first heap   total 121856K, used 65010K [0x0000000080000000, 0x0000000100000000)
  region size 1024K, 1 young (1024K), 1 survivors (1024K)
 Metaspace       used 68270K, committed 68864K, reserved 1114112K
  class space    used 9200K, committed 9472K, reserved 1048576K
}
Event: 10.002 GC heap before
{Heap before GC invocations=29 (full 0):
 garbage-first heap   total 121856K, used 89586K [0x0000000080000000, 0x0000000100000000)
  region size 1024K, 25 young (25600K), 1 survivors (1024K)
 Metaspace       used 69981K, committed 70528K, reserved 1114112K
  class space    used 9431K, committed 9728K, reserved 1048576K
}

