# JRE version: OpenJDK Runtime Environment (17.0.9) (build 17.0.9+0--11185874)
# Java VM: OpenJDK 64-Bit Server VM (17.0.9+0--11185874, mixed mode, tiered, compressed oops, compressed class ptrs, g1 gc, windows-amd64)
GC Precious Log:
 CPUs: 8 total, 8 available
 Memory: 15791M
 Large Page Support: Disabled
 NUMA Support: Disabled
 Compressed Oops: Enabled (32-bit)
 Heap Region Size: 1M
 Heap Min Capacity: 8M
 Heap Initial Capacity: 248M
 Heap Max Capacity: 2G
 Pre-touch: Disabled
 Parallel Workers: 8
 Concurrent Workers: 2
 Concurrent Refinement Workers: 8
 Periodic GC: Disabled
Heap:
 garbage-first heap   total 182272K, used 131217K [0x0000000080000000, 0x0000000100000000)
  region size 1024K, 52 young (53248K), 7 survivors (7168K)
 Metaspace       used 90627K, committed 91328K, reserved 1179648K
  class space    used 12546K, committed 12864K, reserved 1048576K
GC Heap History (20 events):
Event: 7.992 GC heap before
{Heap before GC invocations=19 (full 0):
 garbage-first heap   total 86016K, used 55379K [0x0000000080000000, 0x0000000100000000)
  region size 1024K, 5 young (5120K), 1 survivors (1024K)
 Metaspace       used 57771K, committed 58304K, reserved 1114112K
  class space    used 7801K, committed 8064K, reserved 1048576K
}
Event: 7.994 GC heap after
{Heap after GC invocations=20 (full 0):
 garbage-first heap   total 86016K, used 52669K [0x0000000080000000, 0x0000000100000000)
  region size 1024K, 1 young (1024K), 1 survivors (1024K)
 Metaspace       used 57771K, committed 58304K, reserved 1114112K
  class space    used 7801K, committed 8064K, reserved 1048576K
}
Event: 8.142 GC heap before
{Heap before GC invocations=21 (full 0):
 garbage-first heap   total 96256K, used 68029K [0x0000000080000000, 0x0000000100000000)
  region size 1024K, 16 young (16384K), 1 survivors (1024K)
 Metaspace       used 58951K, committed 59584K, reserved 1114112K
  class space    used 7963K, committed 8256K, reserved 1048576K
}
Event: 8.144 GC heap after
{Heap after GC invocations=22 (full 0):
 garbage-first heap   total 96256K, used 54084K [0x0000000080000000, 0x0000000100000000)
  region size 1024K, 1 young (1024K), 1 survivors (1024K)
 Metaspace       used 58951K, committed 59584K, reserved 1114112K
  class space    used 7963K, committed 8256K, reserved 1048576K
}
Event: 8.170 GC heap before
{Heap before GC invocations=22 (full 0):
 garbage-first heap   total 96256K, used 56132K [0x0000000080000000, 0x0000000100000000)
  region size 1024K, 4 young (4096K), 1 survivors (1024K)
 Metaspace       used 59179K, committed 59776K, reserved 1114112K
  class space    used 8005K, committed 8256K, reserved 1048576K
}
Event: 8.172 GC heap after
{Heap after GC invocations=23 (full 0):
 garbage-first heap   total 182272K, used 53437K [0x0000000080000000, 0x0000000100000000)
  region size 1024K, 1 young (1024K), 1 survivors (1024K)
 Metaspace       used 59179K, committed 59776K, reserved 1114112K
  class space    used 8005K, committed 8256K, reserved 1048576K
}
Event: 8.969 GC heap before
{Heap before GC invocations=23 (full 0):
 garbage-first heap   total 182272K, used 127165K [0x0000000080000000, 0x0000000100000000)
  region size 1024K, 72 young (73728K), 1 survivors (1024K)
 Metaspace       used 67093K, committed 67648K, reserved 1114112K
  class space    used 9023K, committed 9280K, reserved 1048576K
}
Event: 8.977 GC heap after
{Heap after GC invocations=24 (full 0):
 garbage-first heap   total 182272K, used 58527K [0x0000000080000000, 0x0000000100000000)
  region size 1024K, 5 young (5120K), 5 survivors (5120K)
 Metaspace       used 67093K, committed 67648K, reserved 1114112K
  class space    used 9023K, committed 9280K, reserved 1048576K
}
Event: 9.666 GC heap before
{Heap before GC invocations=24 (full 0):
 garbage-first heap   total 182272K, used 144543K [0x0000000080000000, 0x0000000100000000)
  region size 1024K, 84 young (86016K), 5 survivors (5120K)
 Metaspace       used 71369K, committed 72000K, reserved 1114112K
  class space    used 9608K, committed 9920K, reserved 1048576K
}
Event: 9.683 GC heap after
{Heap after GC invocations=25 (full 0):
 garbage-first heap   total 182272K, used 62550K [0x0000000080000000, 0x0000000100000000)
  region size 1024K, 10 young (10240K), 10 survivors (10240K)
 Metaspace       used 71369K, committed 72000K, reserved 1114112K
  class space    used 9608K, committed 9920K, reserved 1048576K
}
Event: 10.413 GC heap before
{Heap before GC invocations=25 (full 0):
 garbage-first heap   total 182272K, used 140374K [0x0000000080000000, 0x0000000100000000)
  region size 1024K, 85 young (87040K), 10 survivors (10240K)
 Metaspace       used 75325K, committed 75904K, reserved 1179648K
  class space    used 10229K, committed 10496K, reserved 1048576K
}
Event: 10.419 GC heap after
{Heap after GC invocations=26 (full 0):
 garbage-first heap   total 182272K, used 67022K [0x0000000080000000, 0x0000000100000000)
  region size 1024K, 10 young (10240K), 10 survivors (10240K)
 Metaspace       used 75325K, committed 75904K, reserved 1179648K
  class space    used 10229K, committed 10496K, reserved 1048576K
}
Event: 11.259 GC heap before
{Heap before GC invocations=26 (full 0):
 garbage-first heap   total 182272K, used 141774K [0x0000000080000000, 0x0000000100000000)
  region size 1024K, 83 young (84992K), 10 survivors (10240K)
 Metaspace       used 80881K, committed 81536K, reserved 1179648K
  class space    used 11134K, committed 11456K, reserved 1048576K
}
Event: 11.266 GC heap after
{Heap after GC invocations=27 (full 0):
 garbage-first heap   total 182272K, used 70154K [0x0000000080000000, 0x0000000100000000)
  region size 1024K, 8 young (8192K), 8 survivors (8192K)
 Metaspace       used 80881K, committed 81536K, reserved 1179648K
  class space    used 11134K, committed 11456K, reserved 1048576K
}
Event: 12.109 GC heap before
{Heap before GC invocations=27 (full 0):
 garbage-first heap   total 182272K, used 145930K [0x0000000080000000, 0x0000000100000000)
  region size 1024K, 82 young (83968K), 8 survivors (8192K)
 Metaspace       used 86970K, committed 87680K, reserved 1179648K
  class space    used 12022K, committed 12352K, reserved 1048576K
}
Event: 12.117 GC heap after
{Heap after GC invocations=28 (full 0):
 garbage-first heap   total 182272K, used 74841K [0x0000000080000000, 0x0000000100000000)
  region size 1024K, 9 young (9216K), 9 survivors (9216K)
 Metaspace       used 86970K, committed 87680K, reserved 1179648K
  class space    used 12022K, committed 12352K, reserved 1048576K
}
Event: 13.126 GC heap before
{Heap before GC invocations=28 (full 0):
 garbage-first heap   total 182272K, used 145497K [0x0000000080000000, 0x0000000100000000)
  region size 1024K, 79 young (80896K), 9 survivors (9216K)
 Metaspace       used 89186K, committed 89920K, reserved 1179648K
  class space    used 12413K, committed 12736K, reserved 1048576K
}
Event: 13.133 GC heap after
{Heap after GC invocations=29 (full 0):
 garbage-first heap   total 182272K, used 81431K [0x0000000080000000, 0x0000000100000000)
  region size 1024K, 10 young (10240K), 10 survivors (10240K)
 Metaspace       used 89186K, committed 89920K, reserved 1179648K
  class space    used 12413K, committed 12736K, reserved 1048576K
}
Event: 13.805 GC heap before
{Heap before GC invocations=29 (full 0):
 garbage-first heap   total 182272K, used 145943K [0x0000000080000000, 0x0000000100000000)
  region size 1024K, 74 young (75776K), 10 survivors (10240K)
 Metaspace       used 90088K, committed 90816K, reserved 1179648K
  class space    used 12491K, committed 12864K, reserved 1048576K
}
Event: 13.815 GC heap after
{Heap after GC invocations=30 (full 0):
 garbage-first heap   total 182272K, used 87185K [0x0000000080000000, 0x0000000100000000)
  region size 1024K, 7 young (7168K), 7 survivors (7168K)
 Metaspace       used 90088K, committed 90816K, reserved 1179648K
  class space    used 12491K, committed 12864K, reserved 1048576K
}

