# JRE version: OpenJDK Runtime Environment (17.0.9) (build 17.0.9+0--11185874)
# Java VM: OpenJDK 64-Bit Server VM (17.0.9+0--11185874, mixed mode, tiered, compressed oops, compressed class ptrs, g1 gc, windows-amd64)
GC Precious Log:
 CPUs: 8 total, 8 available
 Memory: 15791M
 Large Page Support: Disabled
 NUMA Support: Disabled
 Compressed Oops: Enabled (32-bit)
 Heap Region Size: 1M
 Heap Min Capacity: 8M
 Heap Initial Capacity: 248M
 Heap Max Capacity: 2G
 Pre-touch: Disabled
 Parallel Workers: 8
 Concurrent Workers: 2
 Concurrent Refinement Workers: 8
 Periodic GC: Disabled
Heap:
 garbage-first heap   total 168960K, used 102367K [0x0000000080000000, 0x0000000100000000)
  region size 1024K, 48 young (49152K), 7 survivors (7168K)
 Metaspace       used 71896K, committed 72512K, reserved 1114112K
  class space    used 9686K, committed 9984K, reserved 1048576K
GC Heap History (20 events):
Event: 4.690 GC heap before
{Heap before GC invocations=10 (full 0):
 garbage-first heap   total 71680K, used 54693K [0x0000000080000000, 0x0000000100000000)
  region size 1024K, 33 young (33792K), 2 survivors (2048K)
 Metaspace       used 40948K, committed 41280K, reserved 1114112K
  class space    used 5428K, committed 5568K, reserved 1048576K
}
Event: 4.694 GC heap after
{Heap after GC invocations=11 (full 0):
 garbage-first heap   total 116736K, used 28149K [0x0000000080000000, 0x0000000100000000)
  region size 1024K, 5 young (5120K), 5 survivors (5120K)
 Metaspace       used 40948K, committed 41280K, reserved 1114112K
  class space    used 5428K, committed 5568K, reserved 1048576K
}
Event: 5.804 GC heap before
{Heap before GC invocations=11 (full 0):
 garbage-first heap   total 116736K, used 86517K [0x0000000080000000, 0x0000000100000000)
  region size 1024K, 58 young (59392K), 5 survivors (5120K)
 Metaspace       used 46099K, committed 46464K, reserved 1114112K
  class space    used 6111K, committed 6272K, reserved 1048576K
}
Event: 5.814 GC heap after
{Heap after GC invocations=12 (full 0):
 garbage-first heap   total 116736K, used 33083K [0x0000000080000000, 0x0000000100000000)
  region size 1024K, 8 young (8192K), 8 survivors (8192K)
 Metaspace       used 46099K, committed 46464K, reserved 1114112K
  class space    used 6111K, committed 6272K, reserved 1048576K
}
Event: 6.821 GC heap before
{Heap before GC invocations=12 (full 0):
 garbage-first heap   total 116736K, used 86331K [0x0000000080000000, 0x0000000100000000)
  region size 1024K, 59 young (60416K), 8 survivors (8192K)
 Metaspace       used 53485K, committed 53888K, reserved 1114112K
  class space    used 7218K, committed 7424K, reserved 1048576K
}
Event: 6.830 GC heap after
{Heap after GC invocations=13 (full 0):
 garbage-first heap   total 116736K, used 35792K [0x0000000080000000, 0x0000000100000000)
  region size 1024K, 3 young (3072K), 3 survivors (3072K)
 Metaspace       used 53485K, committed 53888K, reserved 1114112K
  class space    used 7218K, committed 7424K, reserved 1048576K
}
Event: 7.736 GC heap before
{Heap before GC invocations=13 (full 0):
 garbage-first heap   total 116736K, used 92112K [0x0000000080000000, 0x0000000100000000)
  region size 1024K, 54 young (55296K), 3 survivors (3072K)
 Metaspace       used 56520K, committed 57024K, reserved 1114112K
  class space    used 7633K, committed 7872K, reserved 1048576K
}
Event: 7.742 GC heap after
{Heap after GC invocations=14 (full 0):
 garbage-first heap   total 116736K, used 48746K [0x0000000080000000, 0x0000000100000000)
  region size 1024K, 7 young (7168K), 7 survivors (7168K)
 Metaspace       used 56520K, committed 57024K, reserved 1114112K
  class space    used 7633K, committed 7872K, reserved 1048576K
}
Event: 8.158 GC heap before
{Heap before GC invocations=14 (full 0):
 garbage-first heap   total 116736K, used 90730K [0x0000000080000000, 0x0000000100000000)
  region size 1024K, 46 young (47104K), 7 survivors (7168K)
 Metaspace       used 59484K, committed 60032K, reserved 1114112K
  class space    used 8045K, committed 8320K, reserved 1048576K
}
Event: 8.163 GC heap after
{Heap after GC invocations=15 (full 0):
 garbage-first heap   total 116736K, used 54048K [0x0000000080000000, 0x0000000100000000)
  region size 1024K, 3 young (3072K), 3 survivors (3072K)
 Metaspace       used 59484K, committed 60032K, reserved 1114112K
  class space    used 8045K, committed 8320K, reserved 1048576K
}
Event: 8.189 GC heap before
{Heap before GC invocations=15 (full 0):
 garbage-first heap   total 116736K, used 57120K [0x0000000080000000, 0x0000000100000000)
  region size 1024K, 7 young (7168K), 3 survivors (3072K)
 Metaspace       used 59788K, committed 60288K, reserved 1114112K
  class space    used 8083K, committed 8320K, reserved 1048576K
}
Event: 8.191 GC heap after
{Heap after GC invocations=16 (full 0):
 garbage-first heap   total 116736K, used 53673K [0x0000000080000000, 0x0000000100000000)
  region size 1024K, 3 young (3072K), 3 survivors (3072K)
 Metaspace       used 59788K, committed 60288K, reserved 1114112K
  class space    used 8083K, committed 8320K, reserved 1048576K
}
Event: 8.607 GC heap before
{Heap before GC invocations=17 (full 0):
 garbage-first heap   total 116736K, used 92585K [0x0000000080000000, 0x0000000100000000)
  region size 1024K, 41 young (41984K), 3 survivors (3072K)
 Metaspace       used 63794K, committed 64320K, reserved 1114112K
  class space    used 8566K, committed 8832K, reserved 1048576K
}
Event: 8.611 GC heap after
{Heap after GC invocations=18 (full 0):
 garbage-first heap   total 116736K, used 54706K [0x0000000080000000, 0x0000000100000000)
  region size 1024K, 4 young (4096K), 4 survivors (4096K)
 Metaspace       used 63794K, committed 64320K, reserved 1114112K
  class space    used 8566K, committed 8832K, reserved 1048576K
}
Event: 8.623 GC heap before
{Heap before GC invocations=18 (full 0):
 garbage-first heap   total 116736K, used 55730K [0x0000000080000000, 0x0000000100000000)
  region size 1024K, 5 young (5120K), 4 survivors (4096K)
 Metaspace       used 63837K, committed 64384K, reserved 1114112K
  class space    used 8568K, committed 8832K, reserved 1048576K
}
Event: 8.625 GC heap after
{Heap after GC invocations=19 (full 0):
 garbage-first heap   total 116736K, used 54563K [0x0000000080000000, 0x0000000100000000)
  region size 1024K, 1 young (1024K), 1 survivors (1024K)
 Metaspace       used 63837K, committed 64384K, reserved 1114112K
  class space    used 8568K, committed 8832K, reserved 1048576K
}
Event: 8.947 GC heap before
{Heap before GC invocations=19 (full 0):
 garbage-first heap   total 116736K, used 77091K [0x0000000080000000, 0x0000000100000000)
  region size 1024K, 24 young (24576K), 1 survivors (1024K)
 Metaspace       used 67028K, committed 67648K, reserved 1114112K
  class space    used 9028K, committed 9344K, reserved 1048576K
}
Event: 8.950 GC heap after
{Heap after GC invocations=20 (full 0):
 garbage-first heap   total 168960K, used 56295K [0x0000000080000000, 0x0000000100000000)
  region size 1024K, 2 young (2048K), 2 survivors (2048K)
 Metaspace       used 67028K, committed 67648K, reserved 1114112K
  class space    used 9028K, committed 9344K, reserved 1048576K
}
Event: 9.701 GC heap before
{Heap before GC invocations=20 (full 0):
 garbage-first heap   total 168960K, used 134119K [0x0000000080000000, 0x0000000100000000)
  region size 1024K, 72 young (73728K), 2 survivors (2048K)
 Metaspace       used 71176K, committed 71744K, reserved 1114112K
  class space    used 9587K, committed 9856K, reserved 1048576K
}
Event: 9.706 GC heap after
{Heap after GC invocations=21 (full 0):
 garbage-first heap   total 168960K, used 61407K [0x0000000080000000, 0x0000000100000000)
  region size 1024K, 7 young (7168K), 7 survivors (7168K)
 Metaspace       used 71176K, committed 71744K, reserved 1114112K
  class space    used 9587K, committed 9856K, reserved 1048576K
}

